[debug] [2023-03-13T05:49:15.371Z] ----------------------------------------------------------------------
[debug] [2023-03-13T05:49:15.374Z] Command:       C:\Program Files\nodejs\node.exe C:\Users\Kaustuv\AppData\Roaming\npm\node_modules\firebase-tools\lib\bin\firebase.js init hosting
[debug] [2023-03-13T05:49:15.374Z] CLI Version:   11.24.1
[debug] [2023-03-13T05:49:15.374Z] Platform:      win32
[debug] [2023-03-13T05:49:15.375Z] Node Version:  v16.15.1
[debug] [2023-03-13T05:49:15.375Z] Time:          Mon Mar 13 2023 11:19:15 GMT+0530 (India Standard Time)
[debug] [2023-03-13T05:49:15.376Z] ----------------------------------------------------------------------
[debug] 
[debug] [2023-03-13T05:49:15.514Z] > command requires scopes: ["email","openid","https://www.googleapis.com/auth/cloudplatformprojects.readonly","https://www.googleapis.com/auth/firebase","https://www.googleapis.com/auth/cloud-platform"]
[debug] [2023-03-13T05:49:15.515Z] > authorizing via signed-in user (kaustubshetty123@gmail.com)
[info] 
     ######## #### ########  ######## ########     ###     ######  ########
     ##        ##  ##     ## ##       ##     ##  ##   ##  ##       ##
     ######    ##  ########  ######   ########  #########  ######  ######
     ##        ##  ##    ##  ##       ##     ## ##     ##       ## ##
     ##       #### ##     ## ######## ########  ##     ##  ######  ########

You're about to initialize a Firebase project in this directory:

  C:\Users\Kaustuv\Desktop\disney-plusclone

Before we get started, keep in mind:

  * You are initializing within an existing Firebase project directory

[info] 
=== Project Setup
[info] 
[info] First, let's associate this project directory with a Firebase project.
[info] You can create multiple project aliases by running firebase use --add, 
[info] but for now we'll just set up a default project.
[info] 
[debug] [2023-03-13T05:49:19.192Z] Using project from CLI flag: my-react-projects-e22d3
[debug] [2023-03-13T05:49:19.196Z] >>> [apiv2][query] GET https://firebase.googleapis.com/v1beta1/projects/my-react-projects-e22d3 [none]
[debug] [2023-03-13T05:49:20.416Z] <<< [apiv2][status] GET https://firebase.googleapis.com/v1beta1/projects/my-react-projects-e22d3 200
[debug] [2023-03-13T05:49:20.417Z] <<< [apiv2][body] GET https://firebase.googleapis.com/v1beta1/projects/my-react-projects-e22d3 {"projectId":"my-react-projects-e22d3","projectNumber":"420784878540","displayName":"My React Projects","name":"projects/my-react-projects-e22d3","resources":{"hostingSite":"my-react-projects-e22d3","storageBucket":"my-react-projects-e22d3.appspot.com","locationId":"us-central"},"state":"ACTIVE","etag":"1_c3ee5006-2165-44e8-9e41-aff7b3ff9227"}
[info] i  Using project my-react-projects-e22d3 (My React Projects) 
[info] 
=== Hosting Setup
[info] 
[info] Your public directory is the folder (relative to your project directory) that
[info] will contain Hosting assets to be uploaded with firebase deploy. If you
[info] have a build process for your assets, use your build's output directory.
[info] 
[debug] [2023-03-13T05:50:23.231Z] >>> [apiv2][query] GET https://www.gstatic.com/firebasejs/releases.json [none]
[debug] [2023-03-13T05:50:23.685Z] <<< [apiv2][status] GET https://www.gstatic.com/firebasejs/releases.json 200
[debug] [2023-03-13T05:50:23.686Z] <<< [apiv2][body] GET https://www.gstatic.com/firebasejs/releases.json {"current":{"version":"9.17.2","browserURL":"https://www.gstatic.com/firebasejs/9.17.2/firebase.js","packageURL":"https://www.gstatic.com/firebasejs/9.17.2/firebase.tgz"},"live":{"version":"9.17","browserURL":"https://www.gstatic.com/firebasejs/live/9.17/firebase.js","packageURL":"https://www.gstatic.com/firebasejs/live/9.17/firebase.tgz"},"components":{"analytics":"https://www.gstatic.com/firebasejs/9.17.2/firebase-analytics.js","app":"https://www.gstatic.com/firebasejs/9.17.2/firebase-app.js","app-check":"https://www.gstatic.com/firebasejs/9.17.2/firebase-app-check.js","auth":"https://www.gstatic.com/firebasejs/9.17.2/firebase-auth.js","auth/cordova":"https://www.gstatic.com/firebasejs/9.17.2/firebase-auth/cordova.js","auth/react-native":"https://www.gstatic.com/firebasejs/9.17.2/firebase-auth/react-native.js","functions":"https://www.gstatic.com/firebasejs/9.17.2/firebase-functions.js","firestore":"https://www.gstatic.com/firebasejs/9.17.2/firebase-firestore.js","firestore/lite":"https://www.gstatic.com/firebasejs/9.17.2/firebase-firestore/lite.js","installations":"https://www.gstatic.com/firebasejs/9.17.2/firebase-installations.js","storage":"https://www.gstatic.com/firebasejs/9.17.2/firebase-storage.js","performance":"https://www.gstatic.com/firebasejs/9.17.2/firebase-performance.js","remote-config":"https://www.gstatic.com/firebasejs/9.17.2/firebase-remote-config.js","messaging":"https://www.gstatic.com/firebasejs/9.17.2/firebase-messaging.js","messaging/sw":"https://www.gstatic.com/firebasejs/9.17.2/firebase-messaging/sw.js","database":"https://www.gstatic.com/firebasejs/9.17.2/firebase-database.js","firestore.memory":"https://www.gstatic.com/firebasejs/9.17.2/firebase-firestore.memory.js"}}
[info] +  Wrote public/index.html 
[info] 
[info] i  Detected a .git folder at C:\Users\Kaustuv\Desktop\disney-plusclone 
[info] i  Authorizing with GitHub to upload your service account to a GitHub repository's secrets store. 
[info] 
[info] Visit this URL on this device to log in:
[info] https://github.com/login/oauth/authorize?client_id=89cf50f02ac6aaed3484&state=493100238&redirect_uri=http%3A%2F%2Flocalhost%3A9005&scope=read%3Auser%20repo%20public_repo
[info] 
[info] Waiting for authentication...
[debug] [2023-03-13T05:51:16.767Z] >>> [apiv2][query] POST https://github.com/login/oauth/access_token [none]
[debug] [2023-03-13T05:51:16.767Z] >>> [apiv2][body] POST https://github.com/login/oauth/access_token [stream]
[debug] [2023-03-13T05:51:17.845Z] <<< [apiv2][status] POST https://github.com/login/oauth/access_token 200
[debug] [2023-03-13T05:51:17.846Z] <<< [apiv2][body] POST https://github.com/login/oauth/access_token {"access_token":"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","token_type":"bearer","scope":"read:user,repo"}
[debug] [2023-03-13T05:51:17.861Z] >>> [apiv2][query] GET https://api.github.com/user [none]
[debug] [2023-03-13T05:51:19.010Z] <<< [apiv2][status] GET https://api.github.com/user 200
[debug] [2023-03-13T05:51:19.011Z] <<< [apiv2][body] GET https://api.github.com/user {"login":"kaustub1234","id":56251255,"node_id":"MDQ6VXNlcjU2MjUxMjU1","avatar_url":"https://avatars.githubusercontent.com/u/56251255?v=4","gravatar_id":"","url":"https://api.github.com/users/kaustub1234","html_url":"https://github.com/kaustub1234","followers_url":"https://api.github.com/users/kaustub1234/followers","following_url":"https://api.github.com/users/kaustub1234/following{/other_user}","gists_url":"https://api.github.com/users/kaustub1234/gists{/gist_id}","starred_url":"https://api.github.com/users/kaustub1234/starred{/owner}{/repo}","subscriptions_url":"https://api.github.com/users/kaustub1234/subscriptions","organizations_url":"https://api.github.com/users/kaustub1234/orgs","repos_url":"https://api.github.com/users/kaustub1234/repos","events_url":"https://api.github.com/users/kaustub1234/events{/privacy}","received_events_url":"https://api.github.com/users/kaustub1234/received_events","type":"User","site_admin":false,"name":"Kaustub Sudhakar Shetty","company":null,"blog":"","location":"mumbai","email":null,"hireable":null,"bio":"I am an enthusiastic developer, always ready to learn and explore new technology. I am currently exploring my horizon in the field of web development. ","twitter_username":"ShettyKaustub","public_repos":18,"public_gists":0,"followers":0,"following":0,"created_at":"2019-10-07T08:34:27Z","updated_at":"2023-03-05T05:36:00Z","private_gists":0,"total_private_repos":0,"owned_private_repos":0,"disk_usage":8414,"collaborators":0,"two_factor_authentication":false,"plan":{"name":"free","space":976562499,"collaborators":0,"private_repos":10000}}
[info] 
[info] +  Success! Logged into GitHub as kaustub1234 
[info] 
